生成启动时间为 2018/9/30 21:18:22。
     1>项目“D:\cx\安全卫士4\debugg\debugg\debugg.vcxproj”在节点 2 上(Build 个目标)。
     1>ClCompile:
         D:\Program Files\vs2013\VC\bin\CL.exe /c /ZI /nologo /W3 /WX- /sdl- /Od /Oy- /D WIN32 /D _DEBUG /D _CONSOLE /D _LIB /D _UNICODE /D UNICODE /Gm /EHsc /RTC1 /MDd /GS /fp:precise /Zc:wchar_t /Zc:forScope /Yc"stdafx.h" /Fp"Debug\debugg.pch" /Fo"Debug\\" /Fd"Debug\vc120.pdb" /Gd /TP /analyze- /errorReport:prompt stdafx.cpp
         stdafx.cpp
         D:\Program Files\vs2013\VC\bin\CL.exe /c /ZI /nologo /W3 /WX- /sdl- /Od /Oy- /D WIN32 /D _DEBUG /D _CONSOLE /D _LIB /D _UNICODE /D UNICODE /Gm /EHsc /RTC1 /MDd /GS /fp:precise /Zc:wchar_t /Zc:forScope /Yu"stdafx.h" /Fp"Debug\debugg.pch" /Fo"Debug\\" /Fd"Debug\vc120.pdb" /Gd /TP /analyze- /errorReport:prompt debugg.cpp
         debugg.cpp
     1>d:\cx\安全卫士4\debugg\debugg\debugg.cpp(78): warning C4091: “typedef ”: 没有声明变量时忽略“DLLINFO”的左侧
     1>d:\cx\安全卫士4\debugg\debugg\debugg.cpp(266): warning C4172: 返回局部变量或临时变量的地址
     1>d:\cx\安全卫士4\debugg\debugg\debugg.cpp(414): warning C4244: “=”: 从“DWORD”转换到“WORD”，可能丢失数据
     1>d:\cx\安全卫士4\debugg\debugg\debugg.cpp(445): warning C4018: “<”: 有符号/无符号不匹配
     1>d:\cx\安全卫士4\debugg\debugg\debugg.cpp(979): warning C4996: 'scanf': This function or variable may be unsafe. Consider using scanf_s instead. To disable deprecation, use _CRT_SECURE_NO_WARNINGS. See online help for details.
                 d:\program files\vs2013\vc\include\stdio.h(283) : 参见“scanf”的声明
     1>d:\cx\安全卫士4\debugg\debugg\debugg.cpp(1019): warning C4996: 'scanf': This function or variable may be unsafe. Consider using scanf_s instead. To disable deprecation, use _CRT_SECURE_NO_WARNINGS. See online help for details.
                 d:\program files\vs2013\vc\include\stdio.h(283) : 参见“scanf”的声明
     1>d:\cx\安全卫士4\debugg\debugg\debugg.cpp(1026): warning C4996: 'scanf': This function or variable may be unsafe. Consider using scanf_s instead. To disable deprecation, use _CRT_SECURE_NO_WARNINGS. See online help for details.
                 d:\program files\vs2013\vc\include\stdio.h(283) : 参见“scanf”的声明
     1>d:\cx\安全卫士4\debugg\debugg\debugg.cpp(1146): warning C4996: 'strcpy': This function or variable may be unsafe. Consider using strcpy_s instead. To disable deprecation, use _CRT_SECURE_NO_WARNINGS. See online help for details.
                 d:\program files\vs2013\vc\include\string.h(112) : 参见“strcpy”的声明
       Link:
         D:\Program Files\vs2013\VC\bin\link.exe /ERRORREPORT:PROMPT /OUT:"D:\cx\安全卫士4\debugg\Debug\debugg.exe" /INCREMENTAL /NOLOGO kernel32.lib user32.lib gdi32.lib winspool.lib comdlg32.lib advapi32.lib shell32.lib ole32.lib oleaut32.lib uuid.lib odbc32.lib odbccp32.lib /MANIFEST /MANIFESTUAC:"level='asInvoker' uiAccess='false'" /manifest:embed /DEBUG /PDB:"D:\cx\安全卫士4\debugg\Debug\debugg.pdb" /SUBSYSTEM:CONSOLE /TLBID:1 /DYNAMICBASE /NXCOMPAT /IMPLIB:"D:\cx\安全卫士4\debugg\Debug\debugg.lib" /MACHINE:X86 Debug\debugg.obj
         Debug\stdafx.obj
         debugg.vcxproj -> D:\cx\安全卫士4\debugg\Debug\debugg.exe
     1>已完成生成项目“D:\cx\安全卫士4\debugg\debugg\debugg.vcxproj”(Build 个目标)的操作。

生成成功。

已用时间 00:00:02.40
