d:\cx\安全卫士4\安全卫士4\debug\安全卫士4.pch
d:\cx\安全卫士4\安全卫士4\debug\vc120.pdb
d:\cx\安全卫士4\安全卫士4\debug\vc120.idb
d:\cx\安全卫士4\安全卫士4\debug\stdafx.obj
d:\cx\安全卫士4\安全卫士4\debug\mytablectrl.obj
d:\cx\安全卫士4\安全卫士4\debug\tab_process1.obj
d:\cx\安全卫士4\安全卫士4\debug\安全卫士4.obj
d:\cx\安全卫士4\安全卫士4\debug\安全卫士4dlg.obj
d:\cx\安全卫士4\安全卫士4\debug\tab_fujia.obj
d:\cx\安全卫士4\安全卫士4\debug\tab_fuwu.obj
d:\cx\安全卫士4\安全卫士4\debug\tab_laji.obj
d:\cx\安全卫士4\安全卫士4\debug\tab_neicun2.obj
d:\cx\安全卫士4\安全卫士4\debug\tab_pe.obj
d:\cx\安全卫士4\安全卫士4\debug\tab_shadu.obj
d:\cx\安全卫士4\安全卫士4\debug\tab_yunsha.obj
d:\cx\安全卫士4\安全卫士4\debug\mylistctrl.obj
d:\cx\安全卫士4\安全卫士4\debug\quduantoubiao.obj
d:\cx\安全卫士4\安全卫士4\debug\my_list_quduan.obj
d:\cx\安全卫士4\安全卫士4\debug\pe_daochu.obj
d:\cx\安全卫士4\安全卫士4\debug\pe_daochubiao_list.obj
d:\cx\安全卫士4\安全卫士4\debug\pe_daoru.obj
d:\cx\安全卫士4\安全卫士4\debug\pe_zy_dlg.obj
d:\cx\安全卫士4\安全卫士4\debug\pe_zy_list.obj
d:\cx\安全卫士4\安全卫士4\debug\pe_chongdingwei.obj
d:\cx\安全卫士4\安全卫士4\debug\pe_cdw_list_up.obj
d:\cx\安全卫士4\安全卫士4\debug\pe_cdw_down_list.obj
d:\cx\安全卫士4\安全卫士4\debug\pe_tls.obj
d:\cx\安全卫士4\安全卫士4\debug\pe_yanchi.obj
d:\cx\安全卫士4\安全卫士4\debug\procces_thread.obj
d:\cx\安全卫士4\安全卫士4\debug\process_thread_list.obj
d:\cx\安全卫士4\安全卫士4\debug\process_mokuai.obj
d:\cx\安全卫士4\安全卫士4\debug\process_mokuai_list.obj
d:\cx\安全卫士4\安全卫士4\debug\process_chuangkou.obj
d:\cx\安全卫士4\安全卫士4\debug\process_ck_list.obj
d:\cx\安全卫士4\安全卫士4\debug\pe_tls_list.obj
d:\cx\安全卫士4\安全卫士4\debug\pe_yanchi_list.obj
d:\cx\安全卫士4\安全卫士4\debug\win_fuwu_list.obj
d:\cx\安全卫士4\debug\安全卫士4.ilk
d:\cx\安全卫士4\debug\安全卫士4.exe
d:\cx\安全卫士4\debug\安全卫士4.pdb
d:\cx\安全卫士4\安全卫士4\debug\安全卫士4.res
d:\cx\安全卫士4\安全卫士4\debug\安全卫士4.tlog\cl.command.1.tlog
d:\cx\安全卫士4\安全卫士4\debug\安全卫士4.tlog\cl.read.1.tlog
d:\cx\安全卫士4\安全卫士4\debug\安全卫士4.tlog\cl.write.1.tlog
d:\cx\安全卫士4\安全卫士4\debug\安全卫士4.tlog\link.command.1.tlog
d:\cx\安全卫士4\安全卫士4\debug\安全卫士4.tlog\link.read.1.tlog
d:\cx\安全卫士4\安全卫士4\debug\安全卫士4.tlog\link.write.1.tlog
d:\cx\安全卫士4\安全卫士4\debug\安全卫士4.tlog\rc.command.1.tlog
d:\cx\安全卫士4\安全卫士4\debug\安全卫士4.tlog\rc.read.1.tlog
d:\cx\安全卫士4\安全卫士4\debug\安全卫士4.tlog\rc.write.1.tlog
